# JRE version: OpenJDK Runtime Environment JBR-17.0.9+8-1166.2-nomod (17.0.9+8) (build 17.0.9+8-b1166.2)
# Java VM: OpenJDK 64-Bit Server VM JBR-17.0.9+8-1166.2-nomod (17.0.9+8-b1166.2, mixed mode, tiered, compressed oops, compressed class ptrs, g1 gc, windows-amd64)
GC Precious Log:
 CPUs: 16 total, 16 available
 Memory: 15118M
 Large Page Support: Disabled
 NUMA Support: Disabled
 Compressed Oops: Enabled (32-bit)
 Heap Region Size: 1M
 Heap Min Capacity: 256M
 Heap Initial Capacity: 256M
 Heap Max Capacity: 512M
 Pre-touch: Disabled
 Parallel Workers: 13
 Concurrent Workers: 3
 Concurrent Refinement Workers: 13
 Periodic GC: Disabled
Heap:
 garbage-first heap   total 262144K, used 49757K [0x00000000e0000000, 0x0000000100000000)
  region size 1024K, 19 young (19456K), 9 survivors (9216K)
 Metaspace       used 57625K, committed 58176K, reserved 278528K
  class space    used 7651K, committed 7936K, reserved 212992K
GC Heap History (14 events):
Event: 0.534 GC heap before
{Heap before GC invocations=0 (full 0):
 garbage-first heap   total 262144K, used 28672K [0x00000000e0000000, 0x0000000100000000)
  region size 1024K, 23 young (23552K), 0 survivors (0K)
 Metaspace       used 10313K, committed 10496K, reserved 278528K
  class space    used 1062K, committed 1152K, reserved 212992K
}
Event: 0.537 GC heap after
{Heap after GC invocations=1 (full 0):
 garbage-first heap   total 262144K, used 9251K [0x00000000e0000000, 0x0000000100000000)
  region size 1024K, 3 young (3072K), 3 survivors (3072K)
 Metaspace       used 10313K, committed 10496K, reserved 278528K
  class space    used 1062K, committed 1152K, reserved 212992K
}
Event: 0.821 GC heap before
{Heap before GC invocations=1 (full 0):
 garbage-first heap   total 262144K, used 37923K [0x00000000e0000000, 0x0000000100000000)
  region size 1024K, 30 young (30720K), 3 survivors (3072K)
 Metaspace       used 11262K, committed 11456K, reserved 278528K
  class space    used 1165K, committed 1280K, reserved 212992K
}
Event: 0.824 GC heap after
{Heap after GC invocations=2 (full 0):
 garbage-first heap   total 262144K, used 12929K [0x00000000e0000000, 0x0000000100000000)
  region size 1024K, 3 young (3072K), 3 survivors (3072K)
 Metaspace       used 11262K, committed 11456K, reserved 278528K
  class space    used 1165K, committed 1280K, reserved 212992K
}
Event: 2.566 GC heap before
{Heap before GC invocations=2 (full 0):
 garbage-first heap   total 262144K, used 54913K [0x00000000e0000000, 0x0000000100000000)
  region size 1024K, 45 young (46080K), 3 survivors (3072K)
 Metaspace       used 21237K, committed 21504K, reserved 278528K
  class space    used 2532K, committed 2688K, reserved 212992K
}
Event: 2.570 GC heap after
{Heap after GC invocations=3 (full 0):
 garbage-first heap   total 262144K, used 18225K [0x00000000e0000000, 0x0000000100000000)
  region size 1024K, 9 young (9216K), 9 survivors (9216K)
 Metaspace       used 21237K, committed 21504K, reserved 278528K
  class space    used 2532K, committed 2688K, reserved 212992K
}
Event: 3.478 GC heap before
{Heap before GC invocations=4 (full 0):
 garbage-first heap   total 262144K, used 85809K [0x00000000e0000000, 0x0000000100000000)
  region size 1024K, 75 young (76800K), 9 survivors (9216K)
 Metaspace       used 31707K, committed 32064K, reserved 278528K
  class space    used 4301K, committed 4480K, reserved 212992K
}
Event: 3.483 GC heap after
{Heap after GC invocations=5 (full 0):
 garbage-first heap   total 262144K, used 21949K [0x00000000e0000000, 0x0000000100000000)
  region size 1024K, 4 young (4096K), 4 survivors (4096K)
 Metaspace       used 31707K, committed 32064K, reserved 278528K
  class space    used 4301K, committed 4480K, reserved 212992K
}
Event: 3.767 GC heap before
{Heap before GC invocations=5 (full 0):
 garbage-first heap   total 262144K, used 43453K [0x00000000e0000000, 0x0000000100000000)
  region size 1024K, 26 young (26624K), 4 survivors (4096K)
 Metaspace       used 35664K, committed 35968K, reserved 278528K
  class space    used 4837K, committed 4928K, reserved 212992K
}
Event: 3.770 GC heap after
{Heap after GC invocations=6 (full 0):
 garbage-first heap   total 262144K, used 23480K [0x00000000e0000000, 0x0000000100000000)
  region size 1024K, 6 young (6144K), 6 survivors (6144K)
 Metaspace       used 35664K, committed 35968K, reserved 278528K
  class space    used 4837K, committed 4928K, reserved 212992K
}
Event: 4.683 GC heap before
{Heap before GC invocations=7 (full 0):
 garbage-first heap   total 262144K, used 176056K [0x00000000e0000000, 0x0000000100000000)
  region size 1024K, 153 young (156672K), 6 survivors (6144K)
 Metaspace       used 44912K, committed 45248K, reserved 278528K
  class space    used 5908K, committed 6080K, reserved 212992K
}
Event: 4.691 GC heap after
{Heap after GC invocations=8 (full 0):
 garbage-first heap   total 262144K, used 34825K [0x00000000e0000000, 0x0000000100000000)
  region size 1024K, 17 young (17408K), 17 survivors (17408K)
 Metaspace       used 44912K, committed 45248K, reserved 278528K
  class space    used 5908K, committed 6080K, reserved 212992K
}
Event: 6.187 GC heap before
{Heap before GC invocations=8 (full 0):
 garbage-first heap   total 262144K, used 174089K [0x00000000e0000000, 0x0000000100000000)
  region size 1024K, 153 young (156672K), 17 survivors (17408K)
 Metaspace       used 56583K, committed 57088K, reserved 278528K
  class space    used 7498K, committed 7744K, reserved 212992K
}
Event: 6.196 GC heap after
{Heap after GC invocations=9 (full 0):
 garbage-first heap   total 262144K, used 40541K [0x00000000e0000000, 0x0000000100000000)
  region size 1024K, 9 young (9216K), 9 survivors (9216K)
 Metaspace       used 56583K, committed 57088K, reserved 278528K
  class space    used 7498K, committed 7744K, reserved 212992K
}

